{
  "RSpec": {
    "coverage": {
      "/Users/muratashori/Desktop/mayby_aws/app/models/user.rb": {
        "lines": [
          1,
          1,
          1,
          null,
          null,
          null,
          1,
          null,
          null,
          null,
          1,
          1,
          1,
          1,
          null,
          1,
          1,
          null,
          1,
          null,
          null,
          1,
          null,
          null,
          1,
          1,
          null,
          null,
          null,
          1,
          20,
          null,
          null,
          null,
          1,
          4,
          null,
          null,
          null,
          1,
          2,
          null,
          null,
          null,
          1,
          10,
          null,
          null,
          1,
          14,
          null,
          null,
          1,
          323,
          13,
          null,
          310,
          null,
          null,
          null,
          null,
          1,
          4,
          4,
          4,
          4,
          4,
          4,
          4,
          4,
          4,
          4,
          null,
          null,
          null,
          1,
          null,
          1,
          1,
          null,
          null,
          null
        ]
      },
      "/Users/muratashori/Desktop/mayby_aws/app/models/application_record.rb": {
        "lines": [
          1,
          1,
          null
        ]
      },
      "/Users/muratashori/Desktop/mayby_aws/app/helpers/application_helper.rb": {
        "lines": [
          1,
          null
        ]
      },
      "/Users/muratashori/Desktop/mayby_aws/app/helpers/home_helper.rb": {
        "lines": [
          1,
          null
        ]
      },
      "/Users/muratashori/Desktop/mayby_aws/app/helpers/posts_helper.rb": {
        "lines": [
          1,
          null
        ]
      },
      "/Users/muratashori/Desktop/mayby_aws/app/helpers/relationships_helper.rb": {
        "lines": [
          1,
          null
        ]
      },
      "/Users/muratashori/Desktop/mayby_aws/app/helpers/users_helper.rb": {
        "lines": [
          1,
          null
        ]
      },
      "/Users/muratashori/Desktop/mayby_aws/app/models/comment.rb": {
        "lines": [
          1,
          1,
          1,
          1,
          null,
          1,
          1,
          null,
          null,
          1,
          6,
          null,
          null
        ]
      },
      "/Users/muratashori/Desktop/mayby_aws/app/models/post.rb": {
        "lines": [
          1,
          1,
          1,
          null,
          1,
          1,
          1,
          1,
          null,
          1,
          1,
          1,
          1,
          1,
          null,
          null,
          1,
          73,
          null,
          null,
          1,
          84,
          null,
          null,
          null,
          null
        ]
      },
      "/Users/muratashori/Desktop/mayby_aws/app/models/like.rb": {
        "lines": [
          1,
          1,
          1,
          1,
          null
        ]
      },
      "/Users/muratashori/Desktop/mayby_aws/app/models/relationship.rb": {
        "lines": [
          1,
          1,
          1,
          null
        ]
      },
      "/Users/muratashori/Desktop/mayby_aws/app/controllers/application_controller.rb": {
        "lines": [
          1,
          1,
          1,
          1,
          null,
          1,
          null,
          1,
          23,
          23,
          23,
          23,
          null,
          null,
          null
        ]
      },
      "/Users/muratashori/Desktop/mayby_aws/app/controllers/home_controller.rb": {
        "lines": [
          1,
          1,
          null,
          1,
          null,
          null,
          1,
          null,
          null
        ]
      },
      "/Users/muratashori/Desktop/mayby_aws/app/controllers/posts_controller.rb": {
        "lines": [
          1,
          1,
          1,
          null,
          1,
          40,
          40,
          40,
          null,
          null,
          1,
          6,
          6,
          6,
          null,
          null,
          1,
          17,
          null,
          null,
          1,
          19,
          19,
          17,
          17,
          null,
          2,
          null,
          null,
          null,
          1,
          null,
          null,
          1,
          4,
          3,
          3,
          null,
          1,
          null,
          null,
          null,
          1,
          2,
          2,
          2,
          null,
          null,
          1,
          null,
          1,
          23,
          null,
          null,
          1,
          12,
          null,
          null,
          1,
          12,
          3,
          null,
          null,
          null
        ]
      },
      "/Users/muratashori/Desktop/mayby_aws/app/controllers/comments_controller.rb": {
        "lines": [
          1,
          1,
          null,
          1,
          3,
          3,
          3,
          null,
          null,
          1,
          2,
          2,
          2,
          null,
          null,
          1,
          1,
          5,
          5,
          null,
          null,
          null,
          1,
          3,
          null,
          null
        ]
      },
      "/Users/muratashori/Desktop/mayby_aws/app/controllers/users_controller.rb": {
        "lines": [
          1,
          1,
          null,
          1,
          10,
          10,
          10,
          null,
          null,
          1,
          6,
          null,
          null,
          1,
          null,
          null,
          1,
          null,
          null,
          1,
          null,
          1,
          6,
          null,
          null,
          null
        ]
      },
      "/Users/muratashori/Desktop/mayby_aws/app/controllers/likes_controller.rb": {
        "lines": [
          1,
          1,
          null,
          1,
          4,
          4,
          null,
          null,
          1,
          1,
          1,
          null,
          null,
          1,
          1,
          null,
          null,
          1,
          null,
          1,
          6,
          null,
          null
        ]
      },
      "/Users/muratashori/Desktop/mayby_aws/app/controllers/users/omniauth_callbacks_controller.rb": {
        "lines": [
          1,
          1,
          null,
          1,
          2,
          null,
          null,
          1,
          1,
          null,
          null,
          1,
          1,
          null,
          null,
          1,
          0,
          null,
          null,
          1,
          1,
          4,
          null,
          null,
          1,
          4,
          3,
          3,
          null,
          1,
          1,
          null,
          null,
          null
        ]
      },
      "/Users/muratashori/Desktop/mayby_aws/app/controllers/relationships_controller.rb": {
        "lines": [
          1,
          1,
          null,
          1,
          4,
          4,
          null,
          null,
          1,
          2,
          2,
          null,
          null
        ]
      },
      "/Users/muratashori/Desktop/mayby_aws/app/models/ability.rb": {
        "lines": [
          1,
          1,
          null,
          1,
          1,
          1,
          1,
          null,
          null,
          null
        ]
      },
      "/Users/muratashori/Desktop/mayby_aws/app/channels/application_cable/channel.rb": {
        "lines": [
          1,
          1,
          null,
          null
        ]
      },
      "/Users/muratashori/Desktop/mayby_aws/app/channels/application_cable/connection.rb": {
        "lines": [
          1,
          1,
          null,
          null
        ]
      },
      "/Users/muratashori/Desktop/mayby_aws/app/jobs/application_job.rb": {
        "lines": [
          1,
          null
        ]
      },
      "/Users/muratashori/Desktop/mayby_aws/app/mailers/application_mailer.rb": {
        "lines": [
          1,
          1,
          1,
          null
        ]
      },
      "/Users/muratashori/Desktop/mayby_aws/app/models/follow.rb": {
        "lines": [
          null,
          null,
          null,
          null,
          null,
          null,
          null,
          null,
          null,
          null,
          null,
          null,
          null
        ]
      },
      "/Users/muratashori/Desktop/mayby_aws/app/uploaders/image_uploader.rb": {
        "lines": [
          null,
          null,
          null,
          null,
          null,
          null,
          null,
          null,
          null,
          null,
          null,
          null,
          null,
          null,
          null,
          null,
          null,
          null,
          null,
          null,
          null,
          null,
          null,
          null,
          null,
          null,
          null,
          null,
          null,
          null,
          null,
          null,
          null,
          null,
          null,
          null,
          null,
          null,
          null,
          null,
          null,
          null,
          null,
          null,
          null,
          null,
          null
        ]
      },
      "/Users/muratashori/Desktop/mayby_aws/app/validators/test_validator.rb": {
        "lines": [
          1,
          1,
          null,
          null,
          null,
          null
        ]
      }
    },
    "timestamp": 1604845939
  }
}
